Using pre-set license
Built from '2020.3/staging' branch; Version is '2020.3.6f1 (338bb68529b2) revision 3378102'; Using compiler version '192528614'; Build Type 'Release'
OS: 'Windows 10 Pro; OS build 19044.1766; Version 2009; 64bit' Language: 'ru' Physical Memory: 16347 MB
BatchMode: 1, IsHumanControllingUs: 0, StartBugReporterOnCrash: 0, Is64bit: 1, IsPro: 0

 COMMAND LINE ARGUMENTS:
C:\Program Files\Unity\Hub\Editor\2020.3.6f1\Editor\Unity.exe
-adb2
-batchMode
-noUpm
-name
AssetImportWorker0
-projectPath
C:/Job Projects/My project
-logFile
Logs/AssetImportWorker0.log
-srvPort
56412
Successfully changed project path to: C:/Job Projects/My project
C:/Job Projects/My project
Using Asset Import Pipeline V2.
Refreshing native plugins compatible for Editor in 95.28 ms, found 0 plugins.
Preloading 0 native plugins for Editor in 0.00 ms.
Initialize engine version: 2020.3.6f1 (338bb68529b2)
[Subsystems] Discovering subsystems at path C:/Program Files/Unity/Hub/Editor/2020.3.6f1/Editor/Data/Resources/UnitySubsystems
[Subsystems] Discovering subsystems at path C:/Job Projects/My project/Assets
GfxDevice: creating device client; threaded=0
Direct3D:
    Version:  Direct3D 11.0 [level 11.0]
    Renderer: NVIDIA GeForce GTX 650 (ID=0xfc6)
    Vendor:   
    VRAM:     2007 MB
    Driver:   27.21.14.5671
Shader 'Universal Render Pipeline/Particles/Lit': fallback shader 'Universal Render Pipeline/Particles/SimpleLit' not found
Initialize mono
Mono path[0] = 'C:/Program Files/Unity/Hub/Editor/2020.3.6f1/Editor/Data/Managed'
Mono path[1] = 'C:/Program Files/Unity/Hub/Editor/2020.3.6f1/Editor/Data/MonoBleedingEdge/lib/mono/unityjit'
Mono config path = 'C:/Program Files/Unity/Hub/Editor/2020.3.6f1/Editor/Data/MonoBleedingEdge/etc'
Using monoOptions --debugger-agent=transport=dt_socket,embedding=1,server=y,suspend=n,address=127.0.0.1:56620
Begin MonoManager ReloadAssembly
Registering precompiled unity dll's ...
Register platform support module: C:/Program Files/Unity/Hub/Editor/2020.3.6f1/Editor/Data/PlaybackEngines/WebGLSupport/UnityEditor.WebGL.Extensions.dll
Register platform support module: C:/Program Files/Unity/Hub/Editor/2020.3.6f1/Editor/Data/PlaybackEngines/MacStandaloneSupport/UnityEditor.OSXStandalone.Extensions.dll
Register platform support module: C:/Program Files/Unity/Hub/Editor/2020.3.6f1/Editor/Data/PlaybackEngines/WindowsStandaloneSupport/UnityEditor.WindowsStandalone.Extensions.dll
Registered in 0.004127 seconds.
Native extension for WindowsStandalone target not found
Native extension for OSXStandalone target not found
Native extension for WebGL target not found
Refreshing native plugins compatible for Editor in 84.14 ms, found 0 plugins.
Preloading 0 native plugins for Editor in 0.00 ms.
Mono: successfully reloaded assembly
- Completed reload, in  2.619 seconds
Platform modules already initialized, skipping
Registering precompiled user dll's ...
Registered in 0.004535 seconds.
Begin MonoManager ReloadAssembly
Native extension for WindowsStandalone target not found
Native extension for OSXStandalone target not found
Native extension for WebGL target not found
Refreshing native plugins compatible for Editor in 100.72 ms, found 0 plugins.
Preloading 0 native plugins for Editor in 0.00 ms.
Mono: successfully reloaded assembly
- Completed reload, in  2.619 seconds
Platform modules already initialized, skipping
========================================================================
Worker process is ready to serve import requests
Shader 'Universal Render Pipeline/Particles/Lit': fallback shader 'Universal Render Pipeline/Particles/SimpleLit' not found
Launched and connected shader compiler UnityShaderCompiler.exe after 0.06 seconds
Refreshing native plugins compatible for Editor in 0.82 ms, found 0 plugins.
Preloading 0 native plugins for Editor in 0.00 ms.
Unloading 3125 Unused Serialized files (Serialized files now loaded: 0)
System memory in use before: 211.5 MB.
System memory in use after: 211.7 MB.

Unloading 28 unused Assets to reduce memory usage. Loaded Objects now: 3572.
Total: 3.930500 ms (FindLiveObjects: 0.394000 ms CreateObjectMapping: 0.162000 ms MarkObjects: 3.264200 ms  DeleteObjects: 0.108700 ms)

========================================================================
Received Import Request.
  path: Assets/UniversalRP/UniversalRenderPipelineAsset_Renderer.asset
  artifactKey: Guid(3d25185d3ec73094eafbe04d310d367b) Importer(815301076,1909f56bfc062723c751e8b465ee728b)
Start importing Assets/UniversalRP/UniversalRenderPipelineAsset_Renderer.asset using Guid(3d25185d3ec73094eafbe04d310d367b) Importer(815301076,1909f56bfc062723c751e8b465ee728b)  -> (artifact id: '698fcc8273ac2056ff882479023efd1c') in 0.061142 seconds
  Import took 0.068698 seconds .

========================================================================
Received Import Request.
  Time since last request: 32.593267 seconds.
  path: Assets/Prefabs/Astronaut.prefab
  artifactKey: Guid(25d0c9931077ca2449461ac076f55f79) Importer(815301076,1909f56bfc062723c751e8b465ee728b)
Start importing Assets/Prefabs/Astronaut.prefab using Guid(25d0c9931077ca2449461ac076f55f79) Importer(815301076,1909f56bfc062723c751e8b465ee728b)  -> (artifact id: 'a646841a12945c362f20fd514dfcd35d') in 0.382932 seconds
  Import took 0.390897 seconds .

========================================================================
Received Import Request.
  Time since last request: 0.000360 seconds.
  path: Assets/Prefabs/Player.prefab
  artifactKey: Guid(0cdab5d671a6fd549be22252c8e5748c) Importer(815301076,1909f56bfc062723c751e8b465ee728b)
Start importing Assets/Prefabs/Player.prefab using Guid(0cdab5d671a6fd549be22252c8e5748c) Importer(815301076,1909f56bfc062723c751e8b465ee728b)  -> (artifact id: '1a23076fb94aff41289eeee18b719f78') in 0.222332 seconds
  Import took 0.230700 seconds .

========================================================================
Received Import Request.
  Time since last request: 0.000366 seconds.
  path: Assets/Prefabs/Camera.prefab
  artifactKey: Guid(8519dfcd7d331d749938aeee7445fb1f) Importer(815301076,1909f56bfc062723c751e8b465ee728b)
Start importing Assets/Prefabs/Camera.prefab using Guid(8519dfcd7d331d749938aeee7445fb1f) Importer(815301076,1909f56bfc062723c751e8b465ee728b)  -> (artifact id: '2d523488f9287705103527f553a8eeca') in 0.021778 seconds
  Import took 0.029004 seconds .

========================================================================
Received Import Request.
  Time since last request: 0.006997 seconds.
  path: Assets/Prefabs/Camera.prefab
  artifactKey: Guid(8519dfcd7d331d749938aeee7445fb1f) Importer(815301076,1909f56bfc062723c751e8b465ee728b)
Start importing Assets/Prefabs/Camera.prefab using Guid(8519dfcd7d331d749938aeee7445fb1f) Importer(815301076,1909f56bfc062723c751e8b465ee728b)  -> (artifact id: '2d523488f9287705103527f553a8eeca') in 0.013422 seconds
  Import took 0.022235 seconds .

========================================================================
Received Import Request.
  Time since last request: 1133.998315 seconds.
  path: Assets/Models/Materials/Floor.mat
  artifactKey: Guid(909a0d74b87780c429c923b62cf6bd88) Importer(815301076,1909f56bfc062723c751e8b465ee728b)
Start importing Assets/Models/Materials/Floor.mat using Guid(909a0d74b87780c429c923b62cf6bd88) Importer(815301076,1909f56bfc062723c751e8b465ee728b)  -> (artifact id: '58966f103caec04904042fa47d3a5bd3') in 0.052264 seconds
  Import took 0.060204 seconds .

========================================================================
Received Import Request.
  Time since last request: 28.064758 seconds.
  path: Assets/Models/Materials/Floor.mat
  artifactKey: Guid(909a0d74b87780c429c923b62cf6bd88) Importer(815301076,1909f56bfc062723c751e8b465ee728b)
Start importing Assets/Models/Materials/Floor.mat using Guid(909a0d74b87780c429c923b62cf6bd88) Importer(815301076,1909f56bfc062723c751e8b465ee728b)  -> (artifact id: 'c8acb3d282e20e839f2a93afdcdc0217') in 0.017080 seconds
  Import took 0.024877 seconds .

========================================================================
Received Import Request.
  Time since last request: 0.000377 seconds.
  path: Assets/Models/Materials/Wall.mat
  artifactKey: Guid(56d839a129752154f8a93af87cf653d6) Importer(815301076,1909f56bfc062723c751e8b465ee728b)
Start importing Assets/Models/Materials/Wall.mat using Guid(56d839a129752154f8a93af87cf653d6) Importer(815301076,1909f56bfc062723c751e8b465ee728b)  -> (artifact id: 'af08a5970a72831a8398a66485baceaf') in 0.017177 seconds
  Import took 0.024955 seconds .

========================================================================
Received Prepare
Registering precompiled user dll's ...
Registered in 0.004873 seconds.
Begin MonoManager ReloadAssembly
Native extension for WindowsStandalone target not found
Native extension for OSXStandalone target not found
Native extension for WebGL target not found
Refreshing native plugins compatible for Editor in 0.93 ms, found 0 plugins.
Preloading 0 native plugins for Editor in 0.00 ms.
Mono: successfully reloaded assembly
- Completed reload, in  1.670 seconds
Platform modules already initialized, skipping
Shader 'Universal Render Pipeline/Particles/Lit': fallback shader 'Universal Render Pipeline/Particles/SimpleLit' not found
Refreshing native plugins compatible for Editor in 0.83 ms, found 0 plugins.
Preloading 0 native plugins for Editor in 0.00 ms.
Unloading 3008 Unused Serialized files (Serialized files now loaded: 0)
System memory in use before: 223.1 MB.
System memory in use after: 223.4 MB.

Unloading 23 unused Assets to reduce memory usage. Loaded Objects now: 3655.
Total: 3.394300 ms (FindLiveObjects: 0.337200 ms CreateObjectMapping: 0.150500 ms MarkObjects: 2.867200 ms  DeleteObjects: 0.037700 ms)

========================================================================
Received Import Request.
  Time since last request: 691.845783 seconds.
  path: Assets/Models/Environment/model 1.obj
  artifactKey: Guid(5782c2468b5bfd34189be1b5d4b11f16) Importer(815301076,1909f56bfc062723c751e8b465ee728b)
Start importing Assets/Models/Environment/model 1.obj using Guid(5782c2468b5bfd34189be1b5d4b11f16) Importer(815301076,1909f56bfc062723c751e8b465ee728b)  -> (artifact id: '71ecacc23dcc1903703995c35faf9d98') in 0.883691 seconds
  Import took 0.895405 seconds .

========================================================================
Received Prepare
Registering precompiled user dll's ...
Registered in 0.004388 seconds.
Begin MonoManager ReloadAssembly
Native extension for WindowsStandalone target not found
Native extension for OSXStandalone target not found
Native extension for WebGL target not found
Refreshing native plugins compatible for Editor in 0.84 ms, found 0 plugins.
Preloading 0 native plugins for Editor in 0.00 ms.
Mono: successfully reloaded assembly
- Completed reload, in  2.026 seconds
Platform modules already initialized, skipping
Switching build target platform(5) subTarget(0) extendedPlatform(0) -> platform(13) subTarget(537395200) extendedPlatform(0)
Shader 'Universal Render Pipeline/Particles/Lit': fallback shader 'Universal Render Pipeline/Particles/SimpleLit' not found
Refreshing native plugins compatible for Editor in 1.28 ms, found 0 plugins.
Preloading 0 native plugins for Editor in 0.00 ms.
Unloading 3012 Unused Serialized files (Serialized files now loaded: 0)
System memory in use before: 221.3 MB.
System memory in use after: 221.5 MB.

Unloading 23 unused Assets to reduce memory usage. Loaded Objects now: 3697.
Total: 4.548200 ms (FindLiveObjects: 0.342200 ms CreateObjectMapping: 0.160200 ms MarkObjects: 4.008300 ms  DeleteObjects: 0.035300 ms)

AssetImportParameters requested are different than current active one (requested -> active):
  custom:graphics/normal-map-encoding: 01000000000000000000000000000000 -> 02000000000000000000000000000000
========================================================================
Received Prepare
Shader 'Universal Render Pipeline/Particles/Lit': fallback shader 'Universal Render Pipeline/Particles/SimpleLit' not found
Refreshing native plugins compatible for Editor in 8.14 ms, found 0 plugins.
Preloading 0 native plugins for Editor in 0.00 ms.
Unloading 20 Unused Serialized files (Serialized files now loaded: 0)
System memory in use before: 162.1 MB.
System memory in use after: 162.4 MB.

Unloading 20 unused Assets to reduce memory usage. Loaded Objects now: 3697.
Total: 3.596600 ms (FindLiveObjects: 0.339200 ms CreateObjectMapping: 0.149900 ms MarkObjects: 3.078200 ms  DeleteObjects: 0.027600 ms)

========================================================================
Received Prepare
Registering precompiled user dll's ...
Registered in 0.004390 seconds.
Begin MonoManager ReloadAssembly
Native extension for WindowsStandalone target not found
Native extension for OSXStandalone target not found
Native extension for WebGL target not found
Refreshing native plugins compatible for Editor in 0.84 ms, found 0 plugins.
Preloading 0 native plugins for Editor in 0.00 ms.
Mono: successfully reloaded assembly
- Completed reload, in  1.891 seconds
Platform modules already initialized, skipping
Switching build target platform(5) subTarget(0) extendedPlatform(0) -> platform(13) subTarget(537395200) extendedPlatform(0)
Shader 'Universal Render Pipeline/Particles/Lit': fallback shader 'Universal Render Pipeline/Particles/SimpleLit' not found
Refreshing native plugins compatible for Editor in 0.92 ms, found 0 plugins.
Preloading 0 native plugins for Editor in 0.00 ms.
Unloading 3012 Unused Serialized files (Serialized files now loaded: 0)
System memory in use before: 221.3 MB.
System memory in use after: 221.5 MB.

Unloading 23 unused Assets to reduce memory usage. Loaded Objects now: 3700.
Total: 3.989300 ms (FindLiveObjects: 0.329500 ms CreateObjectMapping: 0.151000 ms MarkObjects: 3.462500 ms  DeleteObjects: 0.044500 ms)

AssetImportParameters requested are different than current active one (requested -> active):
  custom:graphics/normal-map-encoding: 01000000000000000000000000000000 -> 02000000000000000000000000000000
========================================================================
Received Prepare
Registering precompiled user dll's ...
Registered in 0.004548 seconds.
Begin MonoManager ReloadAssembly
Native extension for WindowsStandalone target not found
Native extension for OSXStandalone target not found
Native extension for WebGL target not found
Refreshing native plugins compatible for Editor in 0.99 ms, found 0 plugins.
Preloading 0 native plugins for Editor in 0.00 ms.
Mono: successfully reloaded assembly
- Completed reload, in  1.725 seconds
Platform modules already initialized, skipping
Switching build target platform(5) subTarget(0) extendedPlatform(0) -> platform(13) subTarget(537395200) extendedPlatform(0)
Shader 'Universal Render Pipeline/Particles/Lit': fallback shader 'Universal Render Pipeline/Particles/SimpleLit' not found
Refreshing native plugins compatible for Editor in 0.83 ms, found 0 plugins.
Preloading 0 native plugins for Editor in 0.00 ms.
Unloading 3012 Unused Serialized files (Serialized files now loaded: 0)
System memory in use before: 221.3 MB.
System memory in use after: 221.6 MB.

Unloading 23 unused Assets to reduce memory usage. Loaded Objects now: 3703.
Total: 5.445500 ms (FindLiveObjects: 0.359300 ms CreateObjectMapping: 0.158600 ms MarkObjects: 4.892600 ms  DeleteObjects: 0.032800 ms)

AssetImportParameters requested are different than current active one (requested -> active):
  custom:graphics/normal-map-encoding: 01000000000000000000000000000000 -> 02000000000000000000000000000000
========================================================================
Received Prepare
Registering precompiled user dll's ...
Registered in 0.004727 seconds.
Begin MonoManager ReloadAssembly
Native extension for WindowsStandalone target not found
Native extension for OSXStandalone target not found
Native extension for WebGL target not found
Refreshing native plugins compatible for Editor in 0.87 ms, found 0 plugins.
Preloading 0 native plugins for Editor in 0.00 ms.
Mono: successfully reloaded assembly
- Completed reload, in  1.718 seconds
Platform modules already initialized, skipping
Switching build target platform(5) subTarget(0) extendedPlatform(0) -> platform(13) subTarget(537395200) extendedPlatform(0)
Shader 'Universal Render Pipeline/Particles/Lit': fallback shader 'Universal Render Pipeline/Particles/SimpleLit' not found
Refreshing native plugins compatible for Editor in 0.81 ms, found 0 plugins.
Preloading 0 native plugins for Editor in 0.00 ms.
Unloading 3012 Unused Serialized files (Serialized files now loaded: 0)
System memory in use before: 221.4 MB.
System memory in use after: 221.6 MB.

Unloading 23 unused Assets to reduce memory usage. Loaded Objects now: 3706.
Total: 3.766200 ms (FindLiveObjects: 0.327600 ms CreateObjectMapping: 0.148400 ms MarkObjects: 3.261100 ms  DeleteObjects: 0.027300 ms)

AssetImportParameters requested are different than current active one (requested -> active):
  custom:graphics/normal-map-encoding: 01000000000000000000000000000000 -> 02000000000000000000000000000000
========================================================================
Received Import Request.
  Time since last request: 2124.615936 seconds.
  path: Assets/Prefabs/AlarmLight.prefab
  artifactKey: Guid(ef3c018cf72b1ee459f9fe57c8efdf0b) Importer(815301076,1909f56bfc062723c751e8b465ee728b)
Start importing Assets/Prefabs/AlarmLight.prefab using Guid(ef3c018cf72b1ee459f9fe57c8efdf0b) Importer(815301076,1909f56bfc062723c751e8b465ee728b)  -> (artifact id: '59f77c6551c31f832a86194dba2153df') in 0.867820 seconds
  Import took 0.875158 seconds .

========================================================================
Received Import Request.
  Time since last request: 176.692714 seconds.
  path: Assets/Prefabs/AlarmLight.prefab
  artifactKey: Guid(ef3c018cf72b1ee459f9fe57c8efdf0b) Importer(815301076,1909f56bfc062723c751e8b465ee728b)
Start importing Assets/Prefabs/AlarmLight.prefab using Guid(ef3c018cf72b1ee459f9fe57c8efdf0b) Importer(815301076,1909f56bfc062723c751e8b465ee728b)  -> (artifact id: '1e0cc414f325266949f69ebec2dfee54') in 0.023801 seconds
  Import took 0.030971 seconds .

========================================================================
Received Prepare
Registering precompiled user dll's ...
Registered in 0.004355 seconds.
Begin MonoManager ReloadAssembly
Native extension for WindowsStandalone target not found
Native extension for OSXStandalone target not found
Native extension for WebGL target not found
Refreshing native plugins compatible for Editor in 1.41 ms, found 0 plugins.
Preloading 0 native plugins for Editor in 0.00 ms.
Mono: successfully reloaded assembly
- Completed reload, in 21.529 seconds
Platform modules already initialized, skipping
Switching build target platform(5) subTarget(0) extendedPlatform(0) -> platform(13) subTarget(537395200) extendedPlatform(0)
Shader 'Universal Render Pipeline/Particles/Lit': fallback shader 'Universal Render Pipeline/Particles/SimpleLit' not found
Refreshing native plugins compatible for Editor in 1.49 ms, found 0 plugins.
Preloading 0 native plugins for Editor in 0.00 ms.
Unloading 3012 Unused Serialized files (Serialized files now loaded: 0)
System memory in use before: 221.6 MB.
System memory in use after: 221.8 MB.

Unloading 23 unused Assets to reduce memory usage. Loaded Objects now: 3745.
Total: 21.869900 ms (FindLiveObjects: 6.005300 ms CreateObjectMapping: 0.449900 ms MarkObjects: 15.376800 ms  DeleteObjects: 0.035400 ms)

AssetImportParameters requested are different than current active one (requested -> active):
  custom:graphics/normal-map-encoding: 01000000000000000000000000000000 -> 02000000000000000000000000000000
========================================================================
Received Prepare
Registering precompiled user dll's ...
Registered in 0.004699 seconds.
Begin MonoManager ReloadAssembly
Native extension for WindowsStandalone target not found
Native extension for OSXStandalone target not found
Native extension for WebGL target not found
Refreshing native plugins compatible for Editor in 0.96 ms, found 0 plugins.
Preloading 0 native plugins for Editor in 0.00 ms.
Mono: successfully reloaded assembly
- Completed reload, in  1.972 seconds
Platform modules already initialized, skipping
Switching build target platform(5) subTarget(0) extendedPlatform(0) -> platform(13) subTarget(537395200) extendedPlatform(0)
Shader 'Universal Render Pipeline/Particles/Lit': fallback shader 'Universal Render Pipeline/Particles/SimpleLit' not found
Refreshing native plugins compatible for Editor in 1.03 ms, found 0 plugins.
Preloading 0 native plugins for Editor in 0.00 ms.
Unloading 3012 Unused Serialized files (Serialized files now loaded: 0)
System memory in use before: 221.6 MB.
System memory in use after: 221.9 MB.

Unloading 23 unused Assets to reduce memory usage. Loaded Objects now: 3748.
Total: 4.011800 ms (FindLiveObjects: 0.345100 ms CreateObjectMapping: 0.173300 ms MarkObjects: 3.454700 ms  DeleteObjects: 0.036400 ms)

AssetImportParameters requested are different than current active one (requested -> active):
  custom:graphics/normal-map-encoding: 01000000000000000000000000000000 -> 02000000000000000000000000000000
========================================================================
Received Import Request.
  Time since last request: 9732.452895 seconds.
  path: Assets/Scripts/EnemyLogic/Astronaut/EnemyAstronaut.cs
  artifactKey: Guid(452fcf2695d347340879c7b6e4e74b35) Importer(815301076,1909f56bfc062723c751e8b465ee728b)
Start importing Assets/Scripts/EnemyLogic/Astronaut/EnemyAstronaut.cs using Guid(452fcf2695d347340879c7b6e4e74b35) Importer(815301076,1909f56bfc062723c751e8b465ee728b)  -> (artifact id: 'ff188fe2bca8501f8e13a2297198f3c9') in 0.021399 seconds
  Import took 0.029217 seconds .

========================================================================
Received Prepare
Registering precompiled user dll's ...
Registered in 0.005892 seconds.
Begin MonoManager ReloadAssembly
Native extension for WindowsStandalone target not found
Native extension for OSXStandalone target not found
Native extension for WebGL target not found
Refreshing native plugins compatible for Editor in 0.87 ms, found 0 plugins.
Preloading 0 native plugins for Editor in 0.00 ms.
Mono: successfully reloaded assembly
- Completed reload, in  1.748 seconds
Platform modules already initialized, skipping
Switching build target platform(5) subTarget(0) extendedPlatform(0) -> platform(13) subTarget(537395200) extendedPlatform(0)
Shader 'Universal Render Pipeline/Particles/Lit': fallback shader 'Universal Render Pipeline/Particles/SimpleLit' not found
Refreshing native plugins compatible for Editor in 0.83 ms, found 0 plugins.
Preloading 0 native plugins for Editor in 0.00 ms.
Unloading 3012 Unused Serialized files (Serialized files now loaded: 0)
System memory in use before: 221.6 MB.
System memory in use after: 221.9 MB.

Unloading 23 unused Assets to reduce memory usage. Loaded Objects now: 3751.
Total: 4.693200 ms (FindLiveObjects: 0.692300 ms CreateObjectMapping: 0.470600 ms MarkObjects: 3.487100 ms  DeleteObjects: 0.040800 ms)

AssetImportParameters requested are different than current active one (requested -> active):
  custom:graphics/normal-map-encoding: 01000000000000000000000000000000 -> 02000000000000000000000000000000
========================================================================
Received Import Request.
  Time since last request: 312.458079 seconds.
  path: Assets/Scripts/EnemyLogic/AlarmLightScript.cs
  artifactKey: Guid(9d95f5769fc420b4eab50513eaec5017) Importer(815301076,1909f56bfc062723c751e8b465ee728b)
Start importing Assets/Scripts/EnemyLogic/AlarmLightScript.cs using Guid(9d95f5769fc420b4eab50513eaec5017) Importer(815301076,1909f56bfc062723c751e8b465ee728b)  -> (artifact id: '9262ddf7701a11bd020359c812a767d7') in 0.013261 seconds
  Import took 0.020293 seconds .

========================================================================
Received Prepare
Registering precompiled user dll's ...
Registered in 0.017302 seconds.
Begin MonoManager ReloadAssembly
Native extension for WindowsStandalone target not found
Native extension for OSXStandalone target not found
Native extension for WebGL target not found
Refreshing native plugins compatible for Editor in 0.91 ms, found 0 plugins.
Preloading 0 native plugins for Editor in 0.00 ms.
Mono: successfully reloaded assembly
- Completed reload, in  2.403 seconds
Platform modules already initialized, skipping
Switching build target platform(5) subTarget(0) extendedPlatform(0) -> platform(13) subTarget(537395200) extendedPlatform(0)
Shader 'Universal Render Pipeline/Particles/Lit': fallback shader 'Universal Render Pipeline/Particles/SimpleLit' not found
Refreshing native plugins compatible for Editor in 0.84 ms, found 0 plugins.
Preloading 0 native plugins for Editor in 0.00 ms.
Unloading 3012 Unused Serialized files (Serialized files now loaded: 0)
System memory in use before: 221.6 MB.
System memory in use after: 221.9 MB.

Unloading 23 unused Assets to reduce memory usage. Loaded Objects now: 3754.
Total: 3.928800 ms (FindLiveObjects: 0.374300 ms CreateObjectMapping: 0.168100 ms MarkObjects: 3.336800 ms  DeleteObjects: 0.047400 ms)

AssetImportParameters requested are different than current active one (requested -> active):
  custom:graphics/normal-map-encoding: 01000000000000000000000000000000 -> 02000000000000000000000000000000
========================================================================
Received Prepare
Registering precompiled user dll's ...
Registered in 0.004441 seconds.
Begin MonoManager ReloadAssembly
Native extension for WindowsStandalone target not found
Native extension for OSXStandalone target not found
Native extension for WebGL target not found
Refreshing native plugins compatible for Editor in 0.84 ms, found 0 plugins.
Preloading 0 native plugins for Editor in 0.00 ms.
Mono: successfully reloaded assembly
- Completed reload, in  1.768 seconds
Platform modules already initialized, skipping
Switching build target platform(5) subTarget(0) extendedPlatform(0) -> platform(13) subTarget(537395200) extendedPlatform(0)
Shader 'Universal Render Pipeline/Particles/Lit': fallback shader 'Universal Render Pipeline/Particles/SimpleLit' not found
Refreshing native plugins compatible for Editor in 0.84 ms, found 0 plugins.
Preloading 0 native plugins for Editor in 0.00 ms.
Unloading 3012 Unused Serialized files (Serialized files now loaded: 0)
System memory in use before: 221.7 MB.
System memory in use after: 221.9 MB.

Unloading 23 unused Assets to reduce memory usage. Loaded Objects now: 3757.
Total: 4.036100 ms (FindLiveObjects: 0.436000 ms CreateObjectMapping: 0.276600 ms MarkObjects: 3.291800 ms  DeleteObjects: 0.029600 ms)

AssetImportParameters requested are different than current active one (requested -> active):
  custom:graphics/normal-map-encoding: 01000000000000000000000000000000 -> 02000000000000000000000000000000
========================================================================
Received Import Request.
  Time since last request: 632.902309 seconds.
  path: Assets/Scripts/Environment/AlarmLightScript.cs
  artifactKey: Guid(9d95f5769fc420b4eab50513eaec5017) Importer(815301076,1909f56bfc062723c751e8b465ee728b)
Start importing Assets/Scripts/Environment/AlarmLightScript.cs using Guid(9d95f5769fc420b4eab50513eaec5017) Importer(815301076,1909f56bfc062723c751e8b465ee728b)  -> (artifact id: '7eac64588823f98e1b12be3d1d96ad34') in 0.009790 seconds
  Import took 0.019500 seconds .

========================================================================
Received Import Request.
  Time since last request: 6.789726 seconds.
  path: Assets/Scripts/Environment/AlarmLight
  artifactKey: Guid(e627124be7907394ca1a17fd7c165581) Importer(815301076,1909f56bfc062723c751e8b465ee728b)
Start importing Assets/Scripts/Environment/AlarmLight using Guid(e627124be7907394ca1a17fd7c165581) Importer(815301076,1909f56bfc062723c751e8b465ee728b)  -> (artifact id: 'd37a26fbb3d3a5295d3617ff0a421735') in 0.009352 seconds
  Import took 0.017389 seconds .

========================================================================
Received Prepare
Registering precompiled user dll's ...
Registered in 0.004434 seconds.
Begin MonoManager ReloadAssembly
Native extension for WindowsStandalone target not found
Native extension for OSXStandalone target not found
Native extension for WebGL target not found
Refreshing native plugins compatible for Editor in 0.85 ms, found 0 plugins.
Preloading 0 native plugins for Editor in 0.00 ms.
Mono: successfully reloaded assembly
- Completed reload, in  1.782 seconds
Platform modules already initialized, skipping
Switching build target platform(5) subTarget(0) extendedPlatform(0) -> platform(13) subTarget(537395200) extendedPlatform(0)
Shader 'Universal Render Pipeline/Particles/Lit': fallback shader 'Universal Render Pipeline/Particles/SimpleLit' not found
Refreshing native plugins compatible for Editor in 0.88 ms, found 0 plugins.
Preloading 0 native plugins for Editor in 0.00 ms.
Unloading 3012 Unused Serialized files (Serialized files now loaded: 0)
System memory in use before: 221.7 MB.
System memory in use after: 221.9 MB.

Unloading 23 unused Assets to reduce memory usage. Loaded Objects now: 3760.
Total: 5.162400 ms (FindLiveObjects: 0.576500 ms CreateObjectMapping: 0.344200 ms MarkObjects: 4.212000 ms  DeleteObjects: 0.028100 ms)

AssetImportParameters requested are different than current active one (requested -> active):
  custom:graphics/normal-map-encoding: 01000000000000000000000000000000 -> 02000000000000000000000000000000
========================================================================
Received Import Request.
  Time since last request: 45.158002 seconds.
  path: Assets/Models/Environment/Alien.obj
  artifactKey: Guid(649b99e26aac18940843b27f58eb0a39) Importer(815301076,1909f56bfc062723c751e8b465ee728b)
Start importing Assets/Models/Environment/Alien.obj using Guid(649b99e26aac18940843b27f58eb0a39) Importer(815301076,1909f56bfc062723c751e8b465ee728b)  -> (artifact id: '8d261dcac573e2810200ad8534cbb046') in 0.504094 seconds
  Import took 0.512627 seconds .

========================================================================
Received Import Request.
  Time since last request: 12.253277 seconds.
  path: Assets/Models/Materials/Floor.mat
  artifactKey: Guid(56d839a129752154f8a93af87cf653d6) Importer(815301076,1909f56bfc062723c751e8b465ee728b)
Start importing Assets/Models/Materials/Floor.mat using Guid(56d839a129752154f8a93af87cf653d6) Importer(815301076,1909f56bfc062723c751e8b465ee728b)  -> (artifact id: '37bd3aca39cc021dc8ba420525387fa5') in 0.019299 seconds
  Import took 0.026790 seconds .

========================================================================
Received Import Request.
  Time since last request: 0.000331 seconds.
  path: Assets/Models/Materials/Wall.mat
  artifactKey: Guid(909a0d74b87780c429c923b62cf6bd88) Importer(815301076,1909f56bfc062723c751e8b465ee728b)
Start importing Assets/Models/Materials/Wall.mat using Guid(909a0d74b87780c429c923b62cf6bd88) Importer(815301076,1909f56bfc062723c751e8b465ee728b)  -> (artifact id: '08e731ad42fcc9a3c5e48bfcf800e108') in 0.020696 seconds
  Import took 0.028312 seconds .

========================================================================
Received Import Request.
  Time since last request: 22.531916 seconds.
  path: Assets/Models/Materials/Environment
  artifactKey: Guid(5e0807a2e9e63824bb62ccbacdf1bf40) Importer(815301076,1909f56bfc062723c751e8b465ee728b)
Start importing Assets/Models/Materials/Environment using Guid(5e0807a2e9e63824bb62ccbacdf1bf40) Importer(815301076,1909f56bfc062723c751e8b465ee728b)  -> (artifact id: 'a881e0eb5f376b8e16ea2d977e40a0dc') in 0.010139 seconds
  Import took 0.017901 seconds .

========================================================================
Received Import Request.
  Time since last request: 0.004879 seconds.
  path: Assets/Models/Materials/Environment
  artifactKey: Guid(5e0807a2e9e63824bb62ccbacdf1bf40) Importer(815301076,1909f56bfc062723c751e8b465ee728b)
Start importing Assets/Models/Materials/Environment using Guid(5e0807a2e9e63824bb62ccbacdf1bf40) Importer(815301076,1909f56bfc062723c751e8b465ee728b)  -> (artifact id: 'a881e0eb5f376b8e16ea2d977e40a0dc') in 0.003313 seconds
  Import took 0.011113 seconds .

========================================================================
Received Import Request.
  Time since last request: 21.151704 seconds.
  path: Assets/Models/Environment/AlarmModel.obj
  artifactKey: Guid(66047543184cea040b953b644927ee0b) Importer(815301076,1909f56bfc062723c751e8b465ee728b)
Start importing Assets/Models/Environment/AlarmModel.obj using Guid(66047543184cea040b953b644927ee0b) Importer(815301076,1909f56bfc062723c751e8b465ee728b)  -> (artifact id: 'a2f76adfda2b9b54f9349f0e49214bd8') in 0.072880 seconds
  Import took 0.080050 seconds .

========================================================================
Received Import Request.
  Time since last request: 5.470499 seconds.
  path: Assets/Prefabs/Astronaut.prefab
  artifactKey: Guid(25d0c9931077ca2449461ac076f55f79) Importer(815301076,1909f56bfc062723c751e8b465ee728b)
Start importing Assets/Prefabs/Astronaut.prefab using Guid(25d0c9931077ca2449461ac076f55f79) Importer(815301076,1909f56bfc062723c751e8b465ee728b)  -> (artifact id: 'e06cbbd9697e7f04d8738bf79f347074') in 0.165419 seconds
  Import took 0.175191 seconds .

========================================================================
Received Prepare
Registering precompiled user dll's ...
Registered in 0.004370 seconds.
Begin MonoManager ReloadAssembly
Native extension for WindowsStandalone target not found
Native extension for OSXStandalone target not found
Native extension for WebGL target not found
Refreshing native plugins compatible for Editor in 0.84 ms, found 0 plugins.
Preloading 0 native plugins for Editor in 0.00 ms.
Mono: successfully reloaded assembly
- Completed reload, in  2.010 seconds
Platform modules already initialized, skipping
Switching build target platform(5) subTarget(0) extendedPlatform(0) -> platform(13) subTarget(537395200) extendedPlatform(0)
Shader 'Universal Render Pipeline/Particles/Lit': fallback shader 'Universal Render Pipeline/Particles/SimpleLit' not found
Refreshing native plugins compatible for Editor in 1.18 ms, found 0 plugins.
Preloading 0 native plugins for Editor in 0.00 ms.
Unloading 3012 Unused Serialized files (Serialized files now loaded: 0)
System memory in use before: 221.9 MB.
System memory in use after: 222.1 MB.

Unloading 23 unused Assets to reduce memory usage. Loaded Objects now: 3799.
Total: 4.405900 ms (FindLiveObjects: 0.355100 ms CreateObjectMapping: 0.220300 ms MarkObjects: 3.771700 ms  DeleteObjects: 0.056300 ms)

AssetImportParameters requested are different than current active one (requested -> active):
  custom:graphics/normal-map-encoding: 01000000000000000000000000000000 -> 02000000000000000000000000000000
========================================================================
Received Prepare
Registering precompiled user dll's ...
Registered in 0.006531 seconds.
Begin MonoManager ReloadAssembly
Native extension for WindowsStandalone target not found
Native extension for OSXStandalone target not found
Native extension for WebGL target not found
Refreshing native plugins compatible for Editor in 1.05 ms, found 0 plugins.
Preloading 0 native plugins for Editor in 0.00 ms.
Mono: successfully reloaded assembly
- Completed reload, in  2.118 seconds
Platform modules already initialized, skipping
Switching build target platform(5) subTarget(0) extendedPlatform(0) -> platform(13) subTarget(537395200) extendedPlatform(0)
Shader 'Universal Render Pipeline/Particles/Lit': fallback shader 'Universal Render Pipeline/Particles/SimpleLit' not found
Refreshing native plugins compatible for Editor in 0.90 ms, found 0 plugins.
Preloading 0 native plugins for Editor in 0.00 ms.
Unloading 3012 Unused Serialized files (Serialized files now loaded: 0)
System memory in use before: 221.9 MB.
System memory in use after: 222.1 MB.

Unloading 23 unused Assets to reduce memory usage. Loaded Objects now: 3802.
Total: 4.229700 ms (FindLiveObjects: 0.372200 ms CreateObjectMapping: 0.152000 ms MarkObjects: 3.675200 ms  DeleteObjects: 0.028400 ms)

AssetImportParameters requested are different than current active one (requested -> active):
  custom:graphics/normal-map-encoding: 01000000000000000000000000000000 -> 02000000000000000000000000000000
========================================================================
Received Prepare
Registering precompiled user dll's ...
Registered in 0.006394 seconds.
Begin MonoManager ReloadAssembly
Native extension for WindowsStandalone target not found
Native extension for OSXStandalone target not found
Native extension for WebGL target not found
Refreshing native plugins compatible for Editor in 0.91 ms, found 0 plugins.
Preloading 0 native plugins for Editor in 0.00 ms.
Mono: successfully reloaded assembly
- Completed reload, in  1.985 seconds
Platform modules already initialized, skipping
Switching build target platform(5) subTarget(0) extendedPlatform(0) -> platform(13) subTarget(537395200) extendedPlatform(0)
Shader 'Universal Render Pipeline/Particles/Lit': fallback shader 'Universal Render Pipeline/Particles/SimpleLit' not found
Refreshing native plugins compatible for Editor in 0.98 ms, found 0 plugins.
Preloading 0 native plugins for Editor in 0.00 ms.
Unloading 3012 Unused Serialized files (Serialized files now loaded: 0)
System memory in use before: 221.9 MB.
System memory in use after: 222.2 MB.

Unloading 23 unused Assets to reduce memory usage. Loaded Objects now: 3805.
Total: 4.644100 ms (FindLiveObjects: 0.351500 ms CreateObjectMapping: 0.173300 ms MarkObjects: 4.027900 ms  DeleteObjects: 0.089100 ms)

AssetImportParameters requested are different than current active one (requested -> active):
  custom:graphics/normal-map-encoding: 01000000000000000000000000000000 -> 02000000000000000000000000000000
========================================================================
Received Prepare
Registering precompiled user dll's ...
Registered in 0.004418 seconds.
Begin MonoManager ReloadAssembly
Native extension for WindowsStandalone target not found
Native extension for OSXStandalone target not found
Native extension for WebGL target not found
Refreshing native plugins compatible for Editor in 0.86 ms, found 0 plugins.
Preloading 0 native plugins for Editor in 0.00 ms.
Mono: successfully reloaded assembly
- Completed reload, in  1.914 seconds
Platform modules already initialized, skipping
Switching build target platform(5) subTarget(0) extendedPlatform(0) -> platform(13) subTarget(537395200) extendedPlatform(0)
Shader 'Universal Render Pipeline/Particles/Lit': fallback shader 'Universal Render Pipeline/Particles/SimpleLit' not found
Refreshing native plugins compatible for Editor in 0.83 ms, found 0 plugins.
Preloading 0 native plugins for Editor in 0.00 ms.
Unloading 3012 Unused Serialized files (Serialized files now loaded: 0)
System memory in use before: 221.9 MB.
System memory in use after: 222.2 MB.

Unloading 23 unused Assets to reduce memory usage. Loaded Objects now: 3808.
Total: 3.965200 ms (FindLiveObjects: 0.337800 ms CreateObjectMapping: 0.145000 ms MarkObjects: 3.442900 ms  DeleteObjects: 0.037700 ms)

AssetImportParameters requested are different than current active one (requested -> active):
  custom:graphics/normal-map-encoding: 01000000000000000000000000000000 -> 02000000000000000000000000000000
AssetImportWorkerClient::OnTransportError - code=2 error=End of file
